==========================================
作业开始时间: Thu Oct 23 17:17:00 CEST 2025
作业 ID: 9980085
节点: s152
GPU: 0
==========================================
Changed to script directory: /home/tizh1048/MT/indictrans2-assamese
Python 版本: Python 3.9.23
PyTorch 版本: 2.6.0+cu124
CUDA 可用: True
开始全量微调模型简化评估...
使用设备: cuda, dtype: torch.float16
加载 tokenizer ...
加载模型: /proj/uppmax2025-3-5/nobackup/tizh1048/MT/Group_project/outputs/assamese_english_full_ft_20251023_020135
detected META tensors after from_pretrained → falling back to manual load
missing keys: 1 (展示最多5条)：['lm_head.weight']
模型加载完成并已迁移到设备
start token id 修改完成
加载数据 ...
样本数: 5
开始生成 ...
已生成 5/5

计算评估指标 ...
BLEU: 3.8754
chrF: 22.1169
完成，结果已写入: /proj/uppmax2025-3-5/nobackup/tizh1048/MT/Group_project/outputs/assamese_english_full_ft_20251023_020135/simple_evaluation_results.json

=== 样本结果（最多3条） ===

SRC: মোৰ লোকসকলে শান্তিপূর্ণ বাসস্থানত , নিৰাপত্তাহীন ঘৰবোৰত , আৰু শান্তিপূর্ণ বিশ্ৰামৰ ঠাইবোৰত বাস কৰিব ।
REF: And my people shall dwell in a peaceable habitation , and in sure dwellings , and in quiet resting places ;
PRED: .. My people to a resting place of peace, to a secure home, and to peace

SRC: কৰ্কট ৰোগ আৰু হেপাটাইটিছ বি-ত ভুগি থকা ৰোগীসকলক লক্ষ্য কৰি ঔষধৰ বাবে ভাৰতত 2500 ৰো অধিক সক্ৰিয় পৰীক্ষণ চলি আছে বুলি কোৱা হৈছে ।
REF: Over 2500 active trials are said to be underway in India for drugs aimed at patients suffering from cancer and hepatitis B among other things .
PRED: .. Farewell to Medicare by providing care to patients with cricket disease and hepatitis B.

SRC: হনোক এজন সাহসী পুৰুষ আছিল ।
REF: The Bible says :  “ Gray - headedness is a crown of beauty when it is found in the way of righteousness . ”
PRED: .. And Enoch was a mighty man of valour.
==========================================
评估完成: Thu Oct 23 17:18:28 CEST 2025
==========================================
